[2018-06-13 12:24:07] START
[2018-06-13 12:24:57] EDIT fproject/models/db.py: 16
[2018-06-13 12:27:18] CREATE products.py: 0
[2018-06-13 12:27:40] EDIT fproject/controllers/products.py: 46
[2018-06-13 12:28:03] CREATE products/post.html: 0
[2018-06-13 12:28:43] EDIT fproject/views/products/post.html: 2
[2018-06-13 12:29:06] CREATE products/mypost.html: 0
[2018-06-13 12:29:56] EDIT fproject/views/products/mypost.html: 22
[2018-06-13 12:30:21] CREATE products/view.html: 0
[2018-06-13 12:30:49] EDIT fproject/views/products/view.html: 28
[2018-06-13 12:31:41] CREATE products/update.html: 0
[2018-06-13 12:31:53] EDIT fproject/views/products/update.html: 10
[2018-06-13 12:51:33] CREATE products/buy.html: 0
[2018-06-13 12:57:37] EDIT fproject/controllers/products.py: 0
[2018-06-13 12:58:11] EDIT fproject/controllers/products.py: 0
[2018-06-13 12:58:59] EDIT fproject/models/db.py: 0
[2018-06-13 12:59:31] EDIT fproject/models/db.py: 0
[2018-06-13 12:59:53] EDIT fproject/models/db.py: 0
[2018-06-13 13:00:41] EDIT fproject/controllers/products.py: 0
[2018-06-13 13:09:51] EDIT fproject/views/products/buy.html: 2
[2018-06-13 13:10:16] EDIT fproject/views/products/buy.html: 0
[2018-06-13 13:17:20] EDIT fproject/controllers/products.py: 0
[2018-06-13 13:23:31] EDIT fproject/views/products/buy.html: 11
[2018-06-13 13:28:40] EDIT fproject/controllers/products.py: 0
[2018-06-13 13:28:56] EDIT fproject/controllers/products.py: 1
[2018-06-13 13:29:18] EDIT fproject/controllers/products.py: 1
[2018-06-13 13:29:27] EDIT fproject/controllers/products.py: 0
[2018-06-13 13:30:37] EDIT fproject/views/products/buy.html: 1
[2018-06-13 13:33:02] EDIT fproject/controllers/products.py: 7
[2018-06-13 15:39:32] EDIT fproject/models/db.py: -1
[2018-06-13 15:42:38] EDIT fproject/models/db.py: 1
[2018-06-13 15:46:36] EDIT fproject/views/products/buy.html: 1
[2018-06-13 17:24:14] CREATE products/manage.html: 0
[2018-06-13 17:24:58] EDIT fproject/views/products/manage.html: 0
