[2018-06-01 12:29:04] START
[2018-06-01 12:38:18] EDIT project/models/db.py: 7
[2018-06-01 12:38:51] EDIT project/models/db.py: 0
[2018-06-01 12:39:36] EDIT project/models/db.py: 8
[2018-06-01 12:39:48] EDIT project/models/db.py: 0
[2018-06-01 12:41:41] EDIT project/models/db.py: 0
[2018-06-01 12:41:54] EDIT project/models/db.py: 0
[2018-06-01 12:43:01] EDIT project/models/db.py: 0
[2018-06-01 12:43:42] EDIT project/models/db.py: 0
[2018-06-01 12:44:04] EDIT project/models/db.py: 0
[2018-06-01 12:44:09] EDIT project/models/db.py: 0
[2018-06-01 12:44:24] EDIT project/models/db.py: 0
[2018-06-01 12:44:33] EDIT project/models/db.py: 0
[2018-06-01 12:45:11] EDIT project/models/db.py: 0
[2018-06-01 12:47:46] EDIT project/models/db.py: 0
[2018-06-01 12:48:43] EDIT project/models/db.py: 1
[2018-06-01 12:52:43] EDIT project/models/db.py: 0
[2018-06-01 12:53:16] EDIT project/models/db.py: 0
[2018-06-01 12:53:57] EDIT project/models/db.py: 0
[2018-06-01 12:59:05] CREATE products.py: 0
[2018-06-01 12:59:21] DELETE project/models/products.py: 0
[2018-06-01 12:59:43] CREATE products.py: 0
[2018-06-01 13:01:50] EDIT project/controllers/products.py: 2
[2018-06-01 13:03:01] EDIT project/controllers/products.py: 2
[2018-06-01 13:04:27] EDIT project/controllers/products.py: 1
[2018-06-01 13:04:55] EDIT project/controllers/products.py: 1
[2018-06-01 13:09:16] EDIT project/controllers/products.py: 3
[2018-06-01 13:17:09] EDIT project/controllers/products.py: 2
[2018-06-01 13:17:35] EDIT project/controllers/products.py: 1
[2018-06-01 13:18:33] EDIT project/controllers/products.py: 0
[2018-06-01 13:21:49] EDIT project/controllers/products.py: 0
[2018-06-01 13:23:00] EDIT project/controllers/products.py: 3
[2018-06-01 13:25:19] EDIT project/controllers/products.py: 5
[2018-06-01 13:25:26] EDIT project/controllers/products.py: 0
[2018-06-01 13:27:46] EDIT project/controllers/products.py: 6
[2018-06-01 13:33:03] EDIT project/controllers/products.py: 3
[2018-06-01 13:33:50] EDIT project/controllers/products.py: 2
[2018-06-01 13:34:09] EDIT project/models/db.py: 0
[2018-06-01 13:34:32] EDIT project/controllers/products.py: 1
[2018-06-01 13:37:32] EDIT project/controllers/products.py: 1
[2018-06-01 13:38:05] EDIT project/controllers/products.py: 1
[2018-06-01 13:38:50] EDIT project/controllers/products.py: 1
[2018-06-01 13:42:39] EDIT project/models/db.py: -1
[2018-06-01 14:21:51] EDIT project/controllers/products.py: 1
[2018-06-01 14:21:55] EDIT project/controllers/products.py: 0
[2018-06-01 14:25:55] EDIT project/controllers/products.py: 0
[2018-06-01 14:33:37] EDIT project/controllers/products.py: 0
[2018-06-01 14:34:47] EDIT project/controllers/products.py: 1
[2018-06-01 14:40:41] EDIT project/controllers/products.py: 1
[2018-06-01 14:40:54] EDIT project/controllers/products.py: 1
[2018-06-01 14:52:22] CREATE products_mypost.html: 0
[2018-06-01 14:53:14] EDIT project/views/products_mypost.html: 0
[2018-06-01 14:53:36] EDIT project/views/products_mypost.html: 2
[2018-06-01 15:01:43] EDIT project/views/products_mypost.html: 3
[2018-06-01 15:04:25] EDIT project/views/products_mypost.html: 5
[2018-06-01 15:06:36] EDIT project/views/products_mypost.html: 6
[2018-06-01 15:07:59] EDIT project/views/products_mypost.html: 3
[2018-06-01 15:08:22] EDIT project/views/products_mypost.html: 1
[2018-06-01 15:09:49] DELETE project/views/products_mypost.html: -23
[2018-06-01 15:10:12] CREATE products/mypost.html: 0
[2018-06-01 15:10:19] EDIT project/views/products/mypost.html: 20
[2018-06-01 15:11:16] EDIT project/controllers/products.py: 0
[2018-06-01 15:12:31] EDIT project/models/db.py: 0
[2018-06-01 15:14:23] EDIT project/models/db.py: 0
[2018-06-01 15:20:05] EDIT project/views/products/mypost.html: 0
[2018-06-01 15:20:18] EDIT project/views/products/mypost.html: 0
[2018-06-01 15:20:56] EDIT project/views/products/mypost.html: 3
[2018-06-01 15:21:58] EDIT project/controllers/products.py: 0
[2018-06-01 15:25:39] EDIT project/views/products/mypost.html: 0
[2018-06-01 15:26:12] EDIT project/controllers/products.py: 2
[2018-06-01 15:27:11] EDIT project/views/products/mypost.html: 0
[2018-06-01 15:27:40] EDIT project/views/products/mypost.html: 0
[2018-06-01 15:31:17] CREATE products/post.html: 0
[2018-06-01 15:31:41] EDIT project/views/products/post.html: -1
[2018-06-01 15:32:09] EDIT project/views/products/post.html: 1
[2018-06-01 15:35:32] EDIT project/views/products/post.html: 2
[2018-06-01 15:36:19] EDIT project/views/products/post.html: 0
[2018-06-01 15:37:30] EDIT project/views/products/post.html: 0
[2018-06-01 15:37:56] EDIT project/views/products/post.html: 0
[2018-06-01 15:39:31] CREATE products/update.html: 0
[2018-06-01 15:39:56] EDIT project/views/products/update.html: -1
[2018-06-01 15:41:56] EDIT project/views/products/update.html: 8
[2018-06-01 15:42:47] EDIT project/views/products/update.html: 0
[2018-06-01 15:42:57] EDIT project/views/products/update.html: 0
[2018-06-01 15:46:07] EDIT project/views/products/update.html: 3
[2018-06-01 15:47:03] EDIT project/views/products/update.html: 0
[2018-06-01 15:54:27] CREATE products/proc.html: 0
[2018-06-01 15:54:55] EDIT project/views/products/proc.html: -1
[2018-06-01 15:58:02] EDIT project/views/products/proc.html: 11
[2018-06-01 15:58:50] EDIT project/views/products/proc.html: 1
[2018-06-01 15:59:00] EDIT project/views/products/proc.html: 0
[2018-06-01 15:59:18] EDIT project/views/products/proc.html: 1
[2018-06-01 16:00:48] EDIT project/views/products/proc.html: 2
[2018-06-01 16:01:19] EDIT project/views/products/proc.html: 0
[2018-06-01 16:06:07] EDIT project/controllers/products.py: 1
[2018-06-01 16:06:37] EDIT project/controllers/products.py: 0
[2018-06-01 16:09:52] EDIT project/controllers/products.py: 1
[2018-06-01 16:11:29] EDIT project/controllers/products.py: -2
[2018-06-01 16:13:27] EDIT project/controllers/products.py: 2
[2018-06-01 16:13:56] EDIT project/controllers/products.py: -2
[2018-06-01 16:16:16] EDIT project/controllers/products.py: 0
[2018-06-01 16:16:26] EDIT project/controllers/products.py: 0
[2018-06-01 16:18:48] EDIT project/controllers/products.py: 0
[2018-06-01 16:21:33] EDIT project/controllers/products.py: 0
[2018-06-01 16:24:38] EDIT project/models/db.py: 0
[2018-06-01 16:29:22] EDIT project/models/db.py: 0
[2018-06-01 16:32:41] EDIT project/controllers/products.py: 1
[2018-06-01 16:33:02] EDIT project/controllers/products.py: 0
[2018-06-01 16:38:22] EDIT project/controllers/products.py: 0
[2018-06-04 13:07:28] EDIT project/controllers/products.py: 0
[2018-06-04 13:07:35] EDIT project/models/db.py: 0
[2018-06-04 13:08:18] EDIT project/controllers/products.py: 0
[2018-06-04 13:08:50] EDIT project/controllers/products.py: 0
[2018-06-04 13:14:50] CREATE products/view.html: 0
[2018-06-04 13:16:32] EDIT project/views/products/view.html: 23
[2018-06-04 13:19:55] EDIT project/views/products/view.html: 6
[2018-06-04 13:22:00] EDIT project/views/products/view.html: 2
[2018-06-04 13:22:29] EDIT project/views/products/view.html: 0
[2018-06-04 13:22:47] EDIT project/views/products/view.html: -3
[2018-06-04 13:23:23] EDIT project/views/products/view.html: 1
[2018-06-04 13:31:48] EDIT project/controllers/products.py: 0
[2018-06-04 13:32:31] EDIT project/views/products/view.html: 0
[2018-06-04 13:34:50] EDIT project/controllers/products.py: 0
[2018-06-04 13:37:16] EDIT project/models/db.py: -1
[2018-06-04 13:37:25] EDIT project/models/db.py: 0
[2018-06-04 13:38:36] EDIT project/controllers/products.py: 0
[2018-06-04 13:41:41] EDIT project/controllers/products.py: 0
[2018-06-04 13:43:15] EDIT project/controllers/products.py: 0
[2018-06-04 13:44:27] EDIT project/controllers/products.py: 0
[2018-06-04 14:18:08] EDIT project/models/db.py: 0
[2018-06-04 14:18:23] EDIT project/models/db.py: 0
[2018-06-04 14:18:33] EDIT project/controllers/products.py: 0
[2018-06-04 14:22:45] EDIT project/models/db.py: 0
[2018-06-04 14:29:55] EDIT project/models/db.py: 0
[2018-06-04 14:30:07] EDIT project/controllers/products.py: 0
[2018-06-04 14:30:12] EDIT project/controllers/products.py: 0
[2018-06-04 14:30:46] EDIT project/models/db.py: 0
[2018-06-04 14:30:49] EDIT project/controllers/products.py: 0
[2018-06-04 14:30:53] EDIT project/controllers/products.py: 0
[2018-06-04 15:38:28] EDIT project/models/db.py: 0
[2018-06-04 16:21:45] EDIT project/models/db.py: 0
[2018-06-04 16:25:57] EDIT project/models/db.py: 0
[2018-06-04 16:27:48] EDIT project/controllers/products.py: 0
[2018-06-04 16:27:50] EDIT project/controllers/products.py: 0
[2018-06-04 16:29:09] EDIT project/controllers/products.py: 0
[2018-06-04 16:39:19] EDIT project/views/products/update.html: 0
[2018-06-04 16:39:41] EDIT project/views/products/update.html: 0
[2018-06-04 16:39:58] EDIT project/views/products/update.html: 0
[2018-06-04 16:40:14] EDIT project/views/products/update.html: 0
[2018-06-04 16:41:19] EDIT project/views/products/update.html: 0
[2018-06-04 16:49:25] EDIT project/controllers/products.py: 2
[2018-06-04 16:50:25] EDIT project/controllers/products.py: 2
[2018-06-04 16:51:51] EDIT project/controllers/products.py: 2
[2018-06-04 16:53:14] EDIT project/controllers/products.py: 1
[2018-06-04 16:53:26] EDIT project/controllers/products.py: 0
[2018-06-04 16:53:38] EDIT project/controllers/products.py: 0
[2018-06-04 16:54:20] EDIT project/controllers/products.py: -1
[2018-06-04 16:55:04] EDIT project/controllers/products.py: 1
[2018-06-05 12:05:51] EDIT project/models/db.py: 0
[2018-06-05 12:06:53] EDIT project/models/db.py: -6
[2018-06-05 12:07:39] EDIT project/models/db.py: 6
[2018-06-05 12:08:16] EDIT project/models/db.py: 1
[2018-06-05 12:08:51] EDIT project/controllers/products.py: 2
[2018-06-05 12:12:27] EDIT project/models/db.py: -7
[2018-06-05 12:27:23] EDIT project/models/db.py: 6
[2018-06-05 12:28:02] EDIT project/models/db.py: 1
[2018-06-05 12:28:37] EDIT project/models/db.py: 1
[2018-06-05 12:28:57] EDIT project/models/db.py: 0
[2018-06-05 12:29:53] EDIT project/models/db.py: 0
[2018-06-05 12:30:15] EDIT project/models/db.py: 0
[2018-06-05 12:34:31] EDIT project/models/db.py: 0
[2018-06-05 12:34:53] EDIT project/models/db.py: 0
[2018-06-05 12:35:33] EDIT project/models/db.py: 0
[2018-06-05 12:49:04] EDIT project/models/db.py: 0
[2018-06-05 12:49:07] EDIT project/models/db.py: 0
[2018-06-05 12:49:56] EDIT project/models/db.py: 0
[2018-06-05 12:49:58] EDIT project/models/db.py: 0
[2018-06-05 12:49:59] EDIT project/models/db.py: 0
[2018-06-05 12:52:02] EDIT project/controllers/products.py: -2
[2018-06-05 12:55:37] EDIT project/controllers/products.py: 1
[2018-06-05 12:57:47] EDIT project/models/db.py: -1
[2018-06-05 13:01:50] EDIT project/views/products/view.html: 0
[2018-06-05 13:05:25] EDIT project/views/products/view.html: 0
[2018-06-05 13:08:33] EDIT project/controllers/products.py: 3
[2018-06-05 13:11:49] EDIT project/models/db.py: -1
[2018-06-05 13:14:21] EDIT project/controllers/products.py: 2
[2018-06-05 13:14:45] EDIT project/controllers/products.py: 0
[2018-06-05 13:19:09] EDIT project/models/db.py: 1
[2018-06-05 13:19:44] EDIT project/models/db.py: 0
[2018-06-05 13:20:05] EDIT project/models/db.py: 0
[2018-06-05 13:20:44] EDIT project/controllers/products.py: 0
[2018-06-05 13:23:34] EDIT project/controllers/products.py: 4
[2018-06-05 13:24:54] DELETE project/views/products/proc.html: -17
[2018-06-05 13:25:06] CREATE products/buy.html: 0
[2018-06-05 13:25:15] EDIT project/views/products/buy.html: 14
[2018-06-05 13:26:06] EDIT project/views/products/view.html: 0
[2018-06-05 13:27:39] EDIT project/models/db.py: -7
[2018-06-05 13:28:30] EDIT project/models/db.py: 7
[2018-06-05 13:29:59] EDIT project/models/db.py: 0
[2018-06-05 13:30:01] EDIT project/models/db.py: 0
[2018-06-05 13:32:47] EDIT project/models/db.py: 0
[2018-06-05 13:37:06] EDIT project/controllers/products.py: 0
[2018-06-05 13:38:43] EDIT project/controllers/products.py: 0
[2018-06-05 13:39:37] EDIT project/controllers/products.py: 0
[2018-06-05 13:40:54] EDIT project/controllers/products.py: 0
[2018-06-05 13:41:09] EDIT project/controllers/products.py: 0
[2018-06-05 13:42:23] EDIT project/views/products/view.html: 0
[2018-06-05 13:48:52] EDIT project/controllers/products.py: 0
[2018-06-05 13:50:30] EDIT project/controllers/products.py: 1
[2018-06-05 13:51:38] EDIT project/controllers/products.py: 12
[2018-06-05 13:51:45] EDIT project/controllers/products.py: 0
[2018-06-05 13:53:55] EDIT project/views/products/view.html: 0
[2018-06-05 13:55:12] EDIT project/controllers/products.py: -1
[2018-06-05 13:55:34] EDIT project/controllers/products.py: 0
[2018-06-05 13:55:53] EDIT project/controllers/products.py: -7
[2018-06-05 14:57:07] EDIT project/controllers/products.py: -1
[2018-06-05 14:57:41] EDIT project/controllers/products.py: 0
[2018-06-05 15:00:11] EDIT project/controllers/products.py: 0
[2018-06-05 15:00:37] EDIT project/models/db.py: 0
[2018-06-05 15:05:58] EDIT project/models/db.py: 0
[2018-06-05 15:06:08] EDIT project/views/products/buy.html: 0
[2018-06-05 15:06:19] EDIT project/views/products/buy.html: 0
[2018-06-05 15:07:05] EDIT project/views/products/buy.html: 0
[2018-06-05 15:11:12] EDIT project/views/products/buy.html: 0
[2018-06-05 15:12:53] EDIT project/controllers/products.py: -7
[2018-06-05 15:14:03] EDIT project/controllers/products.py: 1
[2018-06-05 15:14:57] EDIT project/controllers/products.py: 1
[2018-06-05 15:16:15] DELETE project/views/products/view.html.1: -32
[2018-06-05 15:16:52] EDIT project/controllers/products.py: -16
[2018-06-05 15:27:58] EDIT project/views/products/view.html: 1
[2018-06-05 16:34:51] EDIT project/controllers/products.py: 2
[2018-06-05 16:37:16] EDIT project/controllers/products.py: 1
[2018-06-05 16:37:29] EDIT project/controllers/products.py: 0
[2018-06-05 16:38:29] EDIT project/controllers/products.py: 2
[2018-06-05 16:38:38] EDIT project/controllers/products.py: 0
[2018-06-05 16:39:05] EDIT project/controllers/products.py: 2
[2018-06-05 16:40:58] EDIT project/views/products/buy.html: 0
[2018-06-05 16:43:09] EDIT project/controllers/products.py: 1
[2018-06-05 16:44:02] EDIT project/views/products/buy.html: 0
[2018-06-05 16:46:18] EDIT project/controllers/products.py: 0
[2018-06-05 16:47:07] EDIT project/controllers/products.py: -1
[2018-06-05 16:48:33] EDIT project/controllers/products.py: 0
[2018-06-05 17:07:50] EDIT project/controllers/products.py: -1
[2018-06-05 17:09:09] EDIT project/controllers/products.py: 0
[2018-06-05 17:10:12] EDIT project/controllers/products.py: 1
[2018-06-06 12:46:44] EDIT project/views/products/view.html: -1
[2018-06-06 12:55:14] EDIT project/views/products/view.html: 0
[2018-06-06 12:56:24] EDIT project/views/products/view.html: 0
[2018-06-06 13:21:49] EDIT project/controllers/products.py: -2
[2018-06-06 13:22:19] EDIT project/controllers/products.py: -1
[2018-06-06 13:28:01] EDIT project/controllers/products.py: 1
[2018-06-06 13:28:41] EDIT project/controllers/products.py: 1
[2018-06-06 13:31:46] EDIT project/controllers/products.py: -2
[2018-06-06 13:32:20] EDIT project/controllers/products.py: 0
[2018-06-06 13:35:39] EDIT project/controllers/products.py: 0
[2018-06-06 13:36:23] EDIT project/controllers/products.py: 0
[2018-06-06 13:36:55] EDIT project/controllers/products.py: 0
[2018-06-06 13:38:41] EDIT project/controllers/products.py: 0
[2018-06-06 13:38:48] EDIT project/controllers/products.py: 0
[2018-06-06 13:42:56] EDIT project/controllers/products.py: 0
[2018-06-06 13:43:07] EDIT project/controllers/products.py: 0
[2018-06-06 13:44:32] EDIT project/controllers/products.py: 2
[2018-06-06 13:44:43] EDIT project/controllers/products.py: 0
[2018-06-06 16:43:07] EDIT project/controllers/products.py: 1
[2018-06-11 08:48:11] EDIT project/controllers/products.py: 1
[2018-06-11 08:50:07] EDIT project/controllers/products.py: 2
[2018-06-11 08:50:33] EDIT project/models/db.py: 0
[2018-06-11 08:55:22] EDIT project/models/db.py: -7
[2018-06-11 14:34:08] EDIT project/models/db.py: 0
[2018-06-11 14:37:41] EDIT project/models/db.py: 6
[2018-06-11 14:38:12] EDIT project/models/db.py: 1
[2018-06-11 14:38:40] EDIT project/models/db.py: 1
[2018-06-11 15:47:31] DELETE project/views/products/buy.html: -17
[2018-06-11 15:50:26] CREATE products/cart.html: 0
[2018-06-11 15:50:51] EDIT project/views/products/cart.html: 0
[2018-06-11 15:57:29] EDIT project/views/products/cart.html: 0
[2018-06-11 15:57:36] EDIT project/views/products/cart.html: 0
[2018-06-11 16:08:18] EDIT project/views/products/cart.html: 0
[2018-06-11 16:14:59] CREATE products/buy.html: 0
[2018-06-11 16:16:06] EDIT project/views/products/cart.html: 0
[2018-06-12 12:27:48] EDIT project/controllers/products.py: -2
[2018-06-12 12:28:12] EDIT project/controllers/products.py: 4
