[2018-05-06 12:02:18] START
[2018-05-06 12:15:55] CREATE basics.py: 0
[2018-05-06 12:17:05] EDIT Tafari/controllers/basics.py: 3
[2018-05-06 12:18:13] CREATE basics/hello.html: 0
[2018-05-06 12:19:25] EDIT Tafari/views/basics/hello.html: 3
[2018-05-06 12:20:06] EDIT Tafari/views/basics/hello.html: 0
[2018-05-06 12:21:01] EDIT Tafari/controllers/basics.py: 0
[2018-05-06 12:22:17] EDIT Tafari/controllers/basics.py: 0
[2018-05-06 12:23:13] EDIT Tafari/views/basics/hello.html: 2
[2018-05-06 12:24:27] EDIT Tafari/controllers/basics.py: 0
[2018-05-06 12:37:15] EDIT Tafari/controllers/basics.py: 9
[2018-05-06 12:38:11] EDIT Tafari/controllers/basics.py: 0
[2018-05-06 12:39:02] CREATE basics/request_vars.html: 0
[2018-05-06 12:44:49] EDIT Tafari/views/basics/request_vars.html: 5
[2018-05-06 12:45:29] EDIT Tafari/views/basics/request_vars.html: 0
[2018-05-06 12:47:22] EDIT Tafari/views/basics/request_vars.html: 3
[2018-05-06 12:48:45] EDIT Tafari/views/basics/request_vars.html: -1
[2018-05-06 12:49:58] EDIT Tafari/views/basics/request_vars.html: 0
[2018-05-06 12:50:47] EDIT Tafari/controllers/basics.py: 0
[2018-05-06 12:51:27] EDIT Tafari/views/basics/request_vars.html: 0
[2018-05-06 12:52:24] EDIT Tafari/views/basics/request_vars.html: 0
[2018-05-06 12:52:54] EDIT Tafari/controllers/basics.py: 0
[2018-05-06 12:53:40] EDIT Tafari/views/basics/request_vars.html: 0
[2018-05-06 12:55:58] EDIT Tafari/controllers/basics.py: 0
[2018-05-06 12:58:01] EDIT Tafari/views/basics/request_vars.html: 0
[2018-05-06 13:03:54] EDIT Tafari/views/basics/request_vars.html: 0
[2018-05-06 13:04:05] EDIT Tafari/views/basics/request_vars.html: 0
[2018-05-06 13:04:39] EDIT Tafari/views/basics/request_vars.html: 1
[2018-05-06 13:51:56] EDIT Tafari/models/db.py: 8
[2018-05-06 13:52:47] EDIT Tafari/models/db.py: 0
[2018-05-06 13:53:26] EDIT Tafari/models/db.py: 0
[2018-05-06 13:53:36] EDIT Tafari/models/db.py: 0
[2018-05-06 13:53:47] EDIT Tafari/models/db.py: 0
[2018-05-06 14:05:50] CREATE blog.py: 0
[2018-05-06 14:08:53] EDIT Tafari/controllers/blog.py: 7
[2018-05-06 14:09:10] EDIT Tafari/controllers/blog.py: 0
[2018-05-06 14:09:14] EDIT Tafari/controllers/blog.py: 0
[2018-05-06 14:09:38] CREATE blog/post.html: 0
[2018-05-06 14:10:00] EDIT Tafari/views/blog/post.html: 0
[2018-05-06 14:10:13] EDIT Tafari/views/blog/post.html: 0
[2018-05-06 14:12:27] EDIT Tafari/views/blog/post.html: 0
[2018-05-06 14:13:39] EDIT Tafari/models/db.py: 0
[2018-05-06 14:15:05] CREATE blog/rows.html: 0
[2018-05-06 14:15:26] EDIT Tafari/views/blog/rows.html: 0
[2018-05-06 14:15:38] EDIT Tafari/views/blog/rows.html: 0
[2018-05-06 14:17:06] DELETE Tafari/views/blog/rows.html: -3
[2018-05-06 14:17:33] CREATE blog/views.html: 0
[2018-05-06 14:17:59] EDIT Tafari/views/blog/views.html: 0
[2018-05-06 14:29:04] EDIT Tafari/views/blog/views.html: 1
[2018-05-06 14:29:26] EDIT Tafari/views/blog/views.html: 0
[2018-05-06 14:34:34] EDIT Tafari/views/blog/views.html: 3
[2018-05-06 14:35:08] EDIT Tafari/views/blog/views.html: 2
[2018-05-06 14:37:38] EDIT Tafari/views/blog/views.html: 3
[2018-05-06 14:37:51] EDIT Tafari/views/blog/views.html: 0
[2018-05-06 14:38:26] EDIT Tafari/views/blog/views.html: 0
[2018-05-06 14:41:04] EDIT Tafari/views/blog/views.html: 7
[2018-05-06 14:41:41] EDIT Tafari/views/blog/views.html: 0
[2018-05-06 14:45:50] EDIT Tafari/models/db.py: 0
[2018-05-06 14:46:03] EDIT Tafari/models/db.py: 0
[2018-05-06 14:46:54] EDIT Tafari/models/db.py: 0
[2018-05-06 14:51:51] EDIT Tafari/models/db.py: 0
[2018-05-06 14:58:39] EDIT Tafari/views/blog/views.html: 0
[2018-05-06 14:59:34] EDIT Tafari/views/blog/views.html: 0
[2018-05-06 16:21:49] EDIT Tafari/models/db.py: 4
[2018-05-06 16:23:43] EDIT Tafari/models/db.py: 3
[2018-05-06 16:26:18] EDIT Tafari/models/db.py: 3
[2018-05-06 16:26:52] EDIT Tafari/models/db.py: 0
[2018-05-06 16:28:56] EDIT Tafari/models/db.py: 0
[2018-05-07 22:26:42] EDIT Tafari/controllers/basics.py: 5
[2018-05-07 22:28:09] CREATE basics/request_vars1.html: 0
[2018-05-07 22:28:34] EDIT Tafari/controllers/basics.py: 0
[2018-05-07 22:33:52] EDIT Tafari/views/basics/request_vars1.html: 2
[2018-05-07 22:37:09] EDIT Tafari/controllers/basics.py: 0
[2018-05-07 22:38:14] EDIT Tafari/controllers/basics.py: 0
[2018-05-07 22:38:57] DELETE Tafari/views/basics/request_vars1.html: -5
[2018-05-07 22:39:16] CREATE basics/request_args.html: 0
[2018-05-07 22:39:32] EDIT Tafari/views/basics/request_args.html: 2
[2018-05-07 22:40:07] EDIT Tafari/controllers/basics.py: 0
[2018-05-07 22:40:31] EDIT Tafari/views/basics/request_args.html: 0
[2018-05-07 22:57:39] EDIT Tafari/views/basics/request_args.html: 3
[2018-05-07 22:58:42] EDIT Tafari/views/basics/request_args.html: 0
[2018-05-07 23:13:06] EDIT Tafari/models/db.py: -4
[2018-05-07 23:13:30] EDIT Tafari/models/db.py: 0
[2018-05-07 23:14:22] CREATE subscribe.py: 0
[2018-05-07 23:20:44] EDIT Tafari/controllers/subscribe.py: 2
[2018-05-07 23:23:11] EDIT Tafari/controllers/subscribe.py: 3
[2018-05-07 23:23:31] EDIT Tafari/controllers/subscribe.py: 0
[2018-05-07 23:24:56] EDIT Tafari/controllers/subscribe.py: 2
[2018-05-07 23:25:43] EDIT Tafari/controllers/subscribe.py: 2
[2018-05-07 23:26:06] EDIT Tafari/controllers/subscribe.py: 0
[2018-05-07 23:27:11] EDIT Tafari/controllers/subscribe.py: 0
[2018-05-07 23:27:21] CREATE subscribe/make_pay.html: 0
[2018-05-07 23:28:55] EDIT Tafari/models/db.py: -1
[2018-05-07 23:30:06] EDIT Tafari/controllers/subscribe.py: 1
[2018-05-07 23:32:22] EDIT Tafari/controllers/subscribe.py: 0
[2018-05-07 23:36:35] EDIT Tafari/controllers/subscribe.py: -7
[2018-05-07 23:36:50] EDIT Tafari/controllers/subscribe.py: 0
[2018-05-07 23:37:18] EDIT Tafari/views/subscribe/make_pay.html: 0
[2018-05-07 23:39:46] EDIT Tafari/models/db.py: 0
[2018-05-07 23:42:46] EDIT Tafari/controllers/subscribe.py: 3
[2018-05-07 23:45:15] EDIT Tafari/controllers/subscribe.py: 5
[2018-05-07 23:46:57] EDIT Tafari/controllers/subscribe.py: 2
[2018-05-07 23:50:05] EDIT Tafari/controllers/subscribe.py: 4
[2018-05-07 23:51:19] EDIT Tafari/controllers/subscribe.py: 0
[2018-05-07 23:51:50] EDIT Tafari/views/subscribe/make_pay.html: 1
[2018-05-07 23:52:33] EDIT Tafari/views/subscribe/make_pay.html: 0
[2018-05-07 23:53:26] EDIT Tafari/views/subscribe/make_pay.html: 0
[2018-05-07 23:58:43] CREATE subscribers/paid.html: 0
[2018-05-07 23:59:10] EDIT Tafari/views/subscribers/paid.html: 3
[2018-05-08 00:04:56] EDIT Tafari/views/subscribe/make_pay.html: 0
[2018-05-08 00:07:40] EDIT Tafari/views/subscribe/make_pay.html: 0
[2018-05-08 00:08:06] EDIT Tafari/views/subscribe/make_pay.html: 0
[2018-05-08 00:08:22] EDIT Tafari/views/subscribe/make_pay.html: 0
[2018-05-08 00:09:33] EDIT Tafari/controllers/subscribe.py: 0
[2018-05-08 00:10:42] EDIT Tafari/views/subscribers/paid.html: 1
[2018-05-08 00:11:14] EDIT Tafari/views/subscribers/paid.html: 0
[2018-05-08 00:12:04] EDIT Tafari/views/subscribers/paid.html: -1
[2018-05-08 00:14:47] CREATE subscribers/next.html: 0
[2018-05-08 00:15:54] EDIT Tafari/views/subscribers/next.html: -1
[2018-05-08 00:17:27] EDIT Tafari/views/subscribers/next.html: 1
[2018-05-08 00:17:53] EDIT Tafari/controllers/subscribe.py: -1
[2018-05-08 00:18:02] EDIT Tafari/controllers/subscribe.py: 1
[2018-05-08 00:18:53] DELETE Tafari/views/subscribers/next.html: -3
[2018-05-22 22:50:57] EDIT Tafari/models/menu.py: -94
[2018-05-22 22:53:12] EDIT Tafari/models/menu.py: 2
[2018-05-22 22:53:37] EDIT Tafari/models/menu.py: 0
[2018-05-22 22:56:18] EDIT Tafari/models/menu.py: 0
[2018-05-22 22:58:08] EDIT Tafari/models/menu.py: 0
[2018-05-22 22:59:03] EDIT Tafari/models/menu.py: 0
[2018-05-22 22:59:29] EDIT Tafari/models/menu.py: 0
[2018-05-22 22:59:47] EDIT Tafari/models/menu.py: 0
[2018-05-22 23:16:33] EDIT Tafari/models/db.py: 0
[2018-05-22 23:19:59] EDIT Tafari/models/db.py: 0
[2018-05-22 23:20:22] EDIT Tafari/models/db.py: 0
[2018-05-22 23:54:48] EDIT Tafari/views/layout.html: 0
[2018-05-22 23:56:08] EDIT Tafari/views/layout.html: 0
[2018-05-22 23:56:56] EDIT Tafari/views/layout.html: 0
[2018-05-22 23:57:41] EDIT Tafari/views/layout.html: -3
[2018-05-22 23:58:04] EDIT Tafari/views/layout.html: 0
[2018-05-23 00:04:15] DELETE Tafari/controllers/subscribe.py: -18
[2018-05-23 21:25:01] EDIT Tafari/models/db.py: 0
[2018-06-01 08:50:12] EDIT Tafari/models/db.py: -5
[2018-06-05 15:32:29] EDIT Tafari/views/basics/request_vars.html: 0
